<component name="libraryTable">
  <library name="JUnitParams-1.0.5">
    <CLASSES>
      <root url="jar://D:/Box Sync/Y2S3/Software Testing/Practical/Software_Testing_Jar_Files/JUnitParams-1.0.5.jar!/" />
    </CLASSES>
    <JAVADOC />
    <SOURCES />
  </library>
</component>