<component name="libraryTable">
  <library name="junit-4.12">
    <CLASSES>
      <root url="jar://D:/Box Sync/Y2S3/Software Testing/Practical/Software_Testing_Jar_Files/junit-4.12.jar!/" />
    </CLASSES>
    <JAVADOC />
    <SOURCES />
  </library>
</component>